The alias_method method is deprecated. Use add_method instead.
 at /home/bender/perl5/lib/perl5/Moose/Meta/Role.pm line 366
	Moose::Meta::Role::alias_method('Moose::Meta::Role=HASH(0x9459a48)', 'fork', 'CODE(0x946b508)') called at /home/bender/perl5/lib/perl5/MooseX/Workers.pm line 27
	require MooseX/Workers.pm called at /home/bender/perl5/lib/perl5/i486-linux-gnu-thread-multi/Class/MOP.pm line 98
	Class::MOP::__ANON__() called at /home/bender/perl5/lib/perl5/Try/Tiny.pm line 71
	eval {...} called at /home/bender/perl5/lib/perl5/Try/Tiny.pm line 67
	Try::Tiny::try('CODE(0x944c404)', 'Try::Tiny::Catch=REF(0x942ef50)') called at /home/bender/perl5/lib/perl5/i486-linux-gnu-thread-multi/Class/MOP.pm line 107
	Class::MOP::load_first_existing_class('MooseX::Workers') called at /home/bender/perl5/lib/perl5/i486-linux-gnu-thread-multi/Class/MOP.pm line 118
	Class::MOP::load_class('MooseX::Workers') called at /home/bender/perl5/lib/perl5/Moose/Util.pm line 99
	Moose::Util::_apply_all_roles('Class::MOP::Class::__ANON__::SERIAL::1=HASH(0x944c050)', 'undef', 'MooseX::Getopt', 'MooseX::Workers') called at /home/bender/perl5/lib/perl5/Moose/Util.pm line 84
	Moose::Util::apply_all_roles('Class::MOP::Class::__ANON__::SERIAL::1=HASH(0x944c050)', 'MooseX::Getopt', 'MooseX::Workers') called at /home/bender/perl5/lib/perl5/Moose.pm line 57
	Moose::with('Class::MOP::Class::__ANON__::SERIAL::1=HASH(0x944c050)', 'MooseX::Getopt', 'MooseX::Workers') called at /home/bender/perl5/lib/perl5/Moose/Exporter.pm line 288
	Moose::with('MooseX::Getopt', 'MooseX::Workers') called at lib/Tweedle.pm line 6
Cannot define an accessor name on a read-only attribute, accessors are read/write at /home/bender/perl5/lib/perl5/Moose/Meta/Attribute.pm line 82
	Moose::Meta::Attribute::new('Class::MOP::Class::__ANON__::SERIAL::5', '_twitter', 'default', 'CODE(0x943dc50)', 'is', 'ro', 'lazy', 1, 'accessor', 'twitter', 'handles', 'HASH(0x94631cc)', 'isa', 'Net::Twitter', 'definition_context', 'HASH(0x944c794)') called at /home/bender/perl5/lib/perl5/Moose/Meta/Attribute.pm line 108
	Moose::Meta::Attribute::interpolate_class_and_new('Class::MOP::Class::__ANON__::SERIAL::5', '_twitter', 'default', 'CODE(0x943dc50)', 'lazy', 1, 'is', 'ro', 'accessor', 'twitter', 'handles', 'HASH(0x94631cc)', 'isa', 'Net::Twitter', 'definition_context', 'HASH(0x944c794)') called at /home/bender/perl5/lib/perl5/Moose/Meta/Class.pm line 557
	Moose::Meta::Class::_process_new_attribute('Class::MOP::Class::__ANON__::SERIAL::1=HASH(0x944c050)', '_twitter', 'default', 'CODE(0x943dc50)', 'lazy', 1, 'is', 'ro', 'accessor', 'twitter', 'handles', 'HASH(0x94631cc)', 'isa', 'Net::Twitter', 'definition_context', 'HASH(0x944c794)') called at /home/bender/perl5/lib/perl5/Moose/Meta/Class.pm line 550
	Moose::Meta::Class::_process_attribute('Class::MOP::Class::__ANON__::SERIAL::1=HASH(0x944c050)', '_twitter', 'default', 'CODE(0x943dc50)', 'lazy', 1, 'is', 'ro', 'accessor', 'twitter', 'handles', 'HASH(0x94631cc)', 'isa', 'Net::Twitter', 'definition_context', 'HASH(0x944c794)') called at /home/bender/perl5/lib/perl5/Moose/Meta/Class.pm line 246
	Moose::Meta::Class::add_attribute('Class::MOP::Class::__ANON__::SERIAL::1=HASH(0x944c050)', '_twitter', 'default', 'CODE(0x943dc50)', 'lazy', 1, 'is', 'ro', 'accessor', 'twitter', 'handles', 'HASH(0x94631cc)', 'isa', 'Net::Twitter', 'definition_context', 'HASH(0x944c794)') called at /home/bender/perl5/lib/perl5/Moose.pm line 69
	Moose::has('Class::MOP::Class::__ANON__::SERIAL::1=HASH(0x944c050)', '_twitter', 'isa', 'Net::Twitter', 'is', 'ro', 'lazy', 1, 'accessor', 'twitter', 'default', 'CODE(0x943dc50)', 'handles', 'HASH(0x94631cc)') called at /home/bender/perl5/lib/perl5/Moose/Exporter.pm line 288
	Moose::has('_twitter', 'isa', 'Net::Twitter', 'is', 'ro', 'lazy', 1, 'accessor', 'twitter', 'default', 'CODE(0x943dc50)', 'handles', 'HASH(0x94631cc)') called at lib/Tweedle.pm line 73
